18:54:33 **** Build of configuration Debug for project InterviewC++ ****
make all 
Building file: ../src/InterviewC++.cpp
Invoking: GCC C++ Compiler
g++ -O0 -g3 -Wall -c -fmessage-length=0 -MMD -MP -MF"src/InterviewC++.d" -MT"src/InterviewC++.d" -o "src/InterviewC++.o" "../src/InterviewC++.cpp"
Finished building: ../src/InterviewC++.cpp
 
Building target: InterviewC++
Invoking: MacOS X C++ Linker
g++  -o "InterviewC++"  ./src/InterviewC++.o   
Finished building target: InterviewC++
 
18:54:48 **** Incremental Build of configuration Debug for project InterviewC++ ****
make all 
make: Nothing to be done for `all'.
18:55:50 **** Incremental Build of configuration Debug for project InterviewC++ ****
make all 
Building file: ../src/InterviewC++.cpp
Invoking: GCC C++ Compiler
g++ -O0 -g3 -Wall -c -fmessage-length=0 -MMD -MP -MF"src/InterviewC++.d" -MT"src/InterviewC++.d" -o "src/InterviewC++.o" "../src/InterviewC++.cpp"
../src/InterviewC++.cpp:68:2: warning: variable 'l1' is uninitialized when used here [-Wuninitialized]
        l1->val=10;
        ^~
../src/InterviewC++.cpp:66:14: note: initialize the variable 'l1' to silence this warning
        ListNode *l1,*l2;
                    ^
                     = NULL
../src/InterviewC++.cpp:69:2: warning: variable 'l2' is uninitialized when used here [-Wuninitialized]
        l2->val=5;
        ^~
../src/InterviewC++.cpp:66:18: note: initialize the variable 'l2' to silence this warning
        ListNode *l1,*l2;
                        ^
                         = NULL
2 warnings generated.
Finished building: ../src/InterviewC++.cpp
 
Building target: InterviewC++
Invoking: MacOS X C++ Linker
g++  -o "InterviewC++"  ./src/InterviewC++.o   
Finished building target: InterviewC++
 
18:56:17 **** Incremental Build of configuration Debug for project InterviewC++ ****
make all 
make: Nothing to be done for `all'.
18:56:23 **** Incremental Build of configuration Debug for project InterviewC++ ****
make all 
make: Nothing to be done for `all'.
18:56:44 **** Incremental Build of configuration Debug for project InterviewC++ ****
make all 
make: Nothing to be done for `all'.
18:57:09 **** Incremental Build of configuration Debug for project InterviewC++ ****
make all 
Building file: ../src/InterviewC++.cpp
Invoking: GCC C++ Compiler
g++ -O0 -g3 -Wall -c -fmessage-length=0 -MMD -MP -MF"src/InterviewC++.d" -MT"src/InterviewC++.d" -o "src/InterviewC++.o" "../src/InterviewC++.cpp"
../src/InterviewC++.cpp:68:2: warning: variable 'l1' is uninitialized when used here [-Wuninitialized]
        l1->val=10;
        ^~
../src/InterviewC++.cpp:66:14: note: initialize the variable 'l1' to silence this warning
        ListNode *l1,*l2;
                    ^
                     = NULL
../src/InterviewC++.cpp:69:2: warning: variable 'l2' is uninitialized when used here [-Wuninitialized]
        l2->val=5;
        ^~
../src/InterviewC++.cpp:66:18: note: initialize the variable 'l2' to silence this warning
        ListNode *l1,*l2;
                        ^
                         = NULL
2 warnings generated.
Finished building: ../src/InterviewC++.cpp
 
Building target: InterviewC++
Invoking: MacOS X C++ Linker
g++  -o "InterviewC++"  ./src/InterviewC++.o   
Finished building target: InterviewC++
 
18:57:26 **** Incremental Build of configuration Debug for project InterviewC++ ****
make all 
Building file: ../src/InterviewC++.cpp
Invoking: GCC C++ Compiler
g++ -O0 -g3 -Wall -c -fmessage-length=0 -MMD -MP -MF"src/InterviewC++.d" -MT"src/InterviewC++.d" -o "src/InterviewC++.o" "../src/InterviewC++.cpp"
../src/InterviewC++.cpp:68:2: warning: variable 'l1' is uninitialized when used here [-Wuninitialized]
        l1->val=10;
        ^~
../src/InterviewC++.cpp:66:14: note: initialize the variable 'l1' to silence this warning
        ListNode *l1,*l2;
                    ^
                     = NULL
../src/InterviewC++.cpp:69:2: warning: variable 'l2' is uninitialized when used here [-Wuninitialized]
        l2->val=5;
        ^~
../src/InterviewC++.cpp:66:18: note: initialize the variable 'l2' to silence this warning
        ListNode *l1,*l2;
                        ^
                         = NULL
2 warnings generated.
Finished building: ../src/InterviewC++.cpp
 
Building target: InterviewC++
Invoking: MacOS X C++ Linker
g++  -o "InterviewC++"  ./src/InterviewC++.o   
Finished building target: InterviewC++
 
18:58:00 **** Incremental Build of configuration Debug for project InterviewC++ ****
make all 
Building file: ../src/InterviewC++.cpp
Invoking: GCC C++ Compiler
g++ -O0 -g3 -Wall -c -fmessage-length=0 -MMD -MP -MF"src/InterviewC++.d" -MT"src/InterviewC++.d" -o "src/InterviewC++.o" "../src/InterviewC++.cpp"
../src/InterviewC++.cpp:68:2: warning: variable 'l1' is uninitialized when used here [-Wuninitialized]
        l1->val=10;
        ^~
../src/InterviewC++.cpp:66:14: note: initialize the variable 'l1' to silence this warning
        ListNode *l1,*l2;
                    ^
                     = NULL
../src/InterviewC++.cpp:69:2: warning: variable 'l2' is uninitialized when used here [-Wuninitialized]
        l2->val=5;
        ^~
../src/InterviewC++.cpp:66:18: note: initialize the variable 'l2' to silence this warning
        ListNode *l1,*l2;
                        ^
                         = NULL
2 warnings generated.
Finished building: ../src/InterviewC++.cpp
 
Building target: InterviewC++
Invoking: MacOS X C++ Linker
g++  -o "InterviewC++"  ./src/InterviewC++.o   
Finished building target: InterviewC++
 
18:58:09 **** Incremental Build of configuration Debug for project InterviewC++ ****
make all 
make: Nothing to be done for `all'.
18:58:14 **** Incremental Build of configuration Debug for project InterviewC++ ****
make all 
Building file: ../src/InterviewC++.cpp
Invoking: GCC C++ Compiler
g++ -O0 -g3 -Wall -c -fmessage-length=0 -MMD -MP -MF"src/InterviewC++.d" -MT"src/InterviewC++.d" -o "src/InterviewC++.o" "../src/InterviewC++.cpp"
../src/InterviewC++.cpp:68:2: warning: variable 'l1' is uninitialized when used here [-Wuninitialized]
        l1->val=10;
        ^~
../src/InterviewC++.cpp:66:14: note: initialize the variable 'l1' to silence this warning
        ListNode *l1,*l2;
                    ^
                     = NULL
../src/InterviewC++.cpp:69:2: warning: variable 'l2' is uninitialized when used here [-Wuninitialized]
        l2->val=5;
        ^~
../src/InterviewC++.cpp:66:18: note: initialize the variable 'l2' to silence this warning
        ListNode *l1,*l2;
                        ^
                         = NULL
2 warnings generated.
Finished building: ../src/InterviewC++.cpp
 
Building target: InterviewC++
Invoking: MacOS X C++ Linker
g++  -o "InterviewC++"  ./src/InterviewC++.o   
Finished building target: InterviewC++
 
18:58:49 **** Incremental Build of configuration Debug for project InterviewC++ ****
make all 
make: Nothing to be done for `all'.
18:59:01 **** Incremental Build of configuration Debug for project InterviewC++ ****
make all 
make: Nothing to be done for `all'.
18:59:22 **** Incremental Build of configuration Debug for project InterviewC++ ****
make all 
make: Nothing to be done for `all'.
